<?xml version="1.0" encoding="UTF-8"?>
<!-- Generated by org.testng.reporters.JUnitReportReporter -->
<testsuite hostname="DESKTOP-4DAR8N1" failures="0" tests="1" name="LIDL.MavenProject.GlobalSearchTest" time="0.000" errors="0" timestamp="2021-05-13T17:10:16 IST" skipped="0">
  <testcase classname="LIDL.MavenProject.GlobalSearchTest" name="Search" time="0.000"/>
  <system-out/>
</testsuite> <!-- LIDL.MavenProject.GlobalSearchTest -->
