<?xml version="1.0" encoding="UTF-8"?>
<!-- Generated by org.testng.reporters.JUnitReportReporter -->
<testsuite hostname="DESKTOP-4DAR8N1" failures="0" tests="2" name="LIDL.MavenProject.NotificationCreationTest" time="0.001" errors="0" timestamp="2021-05-13T17:10:16 IST" skipped="0">
  <testcase classname="LIDL.MavenProject.NotificationCreationTest" name="Notification1" time="0.001"/>
  <system-out/>
  <testcase classname="LIDL.MavenProject.NotificationCreationTest" name="Notification2" time="0.000"/>
  <system-out/>
</testsuite> <!-- LIDL.MavenProject.NotificationCreationTest -->
